<?xml version="1.0" encoding="UTF-8"?>
<!-- Generated by org.testng.reporters.JUnitReportReporter -->
<testsuite hostname="QT-INBG" failures="0" tests="1" name="mod5.KudoSearch" time="23.856" errors="0" timestamp="2021-03-23T16:34:10 IST" skipped="0">
  <testcase classname="mod5.KudoSearch" name="kudossearch" time="23.856"/>
  <system-out/>
</testsuite> <!-- mod5.KudoSearch -->
