<?xml version="1.0" encoding="UTF-8"?>
<!-- Generated by org.testng.reporters.JUnitReportReporter -->
<testsuite hostname="QT-INBG" failures="0" tests="1" name="mod5.KudosFromME" time="12.787" errors="0" timestamp="2021-03-23T17:16:43 IST" skipped="0">
  <testcase classname="mod5.KudosFromME" name="kudossearch" time="12.787"/>
  <system-out/>
</testsuite> <!-- mod5.KudosFromME -->
