<?xml version="1.0" encoding="UTF-8"?>
<!-- Generated by org.testng.reporters.JUnitReportReporter -->
<testsuite hostname="QT-INBG" failures="0" tests="1" name="PageObject.qt_title" time="4.792" errors="0" timestamp="2021-03-23T14:35:01 IST" skipped="0">
  <testcase classname="PageObject.qt_title" name="Qttitle" time="4.792"/>
  <system-out/>
</testsuite> <!-- PageObject.qt_title -->
