<?xml version="1.0" encoding="UTF-8"?>
<!-- Generated by org.testng.reporters.JUnitReportReporter -->
<testsuite hostname="QT-INBG" failures="0" tests="1" name="mod3.Selectdeselectkudo" time="18.301" errors="0" timestamp="2021-03-24T09:53:10 IST" skipped="0">
  <testcase classname="mod3.Selectdeselectkudo" name="sendkudos1" time="18.301"/>
  <system-out/>
</testsuite> <!-- mod3.Selectdeselectkudo -->
