<?xml version="1.0" encoding="UTF-8"?>
<!-- Generated by org.testng.reporters.JUnitReportReporter -->
<testsuite hostname="QT-INBG" failures="0" tests="1" name="mod5.SendKudosFromRecentContacts" time="23.214" errors="0" timestamp="2021-03-23T19:02:29 IST" skipped="0">
  <testcase classname="mod5.SendKudosFromRecentContacts" name="sk" time="23.214"/>
  <system-out/>
</testsuite> <!-- mod5.SendKudosFromRecentContacts -->
