<?xml version="1.0" encoding="UTF-8"?>
<!-- Generated by org.testng.reporters.JUnitReportReporter -->
<testsuite hostname="QT-INBG" failures="0" tests="1" name="Testpackage.Qt_title" time="6.284" errors="0" timestamp="2021-03-22T15:19:55 IST" skipped="0">
  <testcase classname="Testpackage.Qt_title" name="Qt_title" time="6.284"/>
  <system-out/>
</testsuite> <!-- Testpackage.Qt_title -->
