<?xml version="1.0" encoding="UTF-8"?>
<!-- Generated by org.testng.reporters.JUnitReportReporter -->
<testsuite hostname="QT-INBG" failures="0" tests="1" name="mod6.Kudo_count" time="13.446" errors="0" timestamp="2021-03-23T17:42:11 IST" skipped="0">
  <testcase classname="mod6.Kudo_count" name="kudocount" time="13.446"/>
  <system-out/>
</testsuite> <!-- mod6.Kudo_count -->
