<?xml version="1.0" encoding="UTF-8"?>
<!-- Generated by org.testng.reporters.JUnitReportReporter -->
<testsuite hostname="QT-INBG" failures="0" tests="2" name="Testpackage.Verification_and_login" time="21.432" errors="0" timestamp="2021-03-23T09:31:31 IST" skipped="0">
  <testcase classname="Testpackage.Verification_and_login" name="basepagenavigation" time="11.640"/>
  <system-out/>
  <testcase classname="Testpackage.Verification_and_login" name="basepagenavigation" time="9.792"/>
  <system-out/>
</testsuite> <!-- Testpackage.Verification_and_login -->
