<?xml version="1.0" encoding="UTF-8"?>
<!-- Generated by org.testng.reporters.JUnitReportReporter -->
<testsuite hostname="QT-INBG" failures="0" tests="1" name="mod1.Qt_title" time="7.207" errors="0" timestamp="2021-03-24T19:38:48 IST" skipped="0">
  <testcase classname="mod1.Qt_title" name="Qttitle" time="7.207"/>
  <system-out/>
</testsuite> <!-- mod1.Qt_title -->
