<?xml version="1.0" encoding="UTF-8"?>
<!-- Generated by org.testng.reporters.JUnitReportReporter -->
<testsuite hostname="QT-INBG" failures="0" tests="1" name="mod3.Test_activity" time="8.133" errors="0" timestamp="2021-03-24T09:16:52 IST" skipped="0">
  <testcase classname="mod3.Test_activity" name="NameInLeftSide" time="8.133"/>
  <system-out/>
</testsuite> <!-- mod3.Test_activity -->
