<?xml version="1.0" encoding="UTF-8"?>
<!-- Generated by org.testng.reporters.JUnitReportReporter -->
<testsuite hostname="QT-INBG" failures="0" tests="1" name="mod6.Activity_option" time="17.466" errors="0" timestamp="2021-03-23T17:37:34 IST" skipped="0">
  <testcase classname="mod6.Activity_option" name="activity" time="17.466"/>
  <system-out/>
</testsuite> <!-- mod6.Activity_option -->
