<?xml version="1.0" encoding="UTF-8"?>
<!-- Generated by org.testng.reporters.JUnitReportReporter -->
<testsuite hostname="QT-INBG" failures="0" tests="1" name="mod6.Kudocount" time="13.695" errors="0" timestamp="2021-03-24T18:31:07 IST" skipped="0">
  <testcase classname="mod6.Kudocount" name="testcase" time="13.695"/>
  <system-out/>
</testsuite> <!-- mod6.Kudocount -->
