<?xml version="1.0" encoding="UTF-8"?>
<!-- Generated by org.testng.reporters.JUnitReportReporter -->
<testsuite hostname="QT-INBG" failures="0" tests="1" name="mod3.Confirmation_message" time="16.067" errors="0" timestamp="2021-03-24T09:53:10 IST" skipped="0">
  <testcase classname="mod3.Confirmation_message" name="sendkudos1" time="16.067"/>
  <system-out/>
</testsuite> <!-- mod3.Confirmation_message -->
