<?xml version="1.0" encoding="UTF-8"?>
<!-- Generated by org.testng.reporters.JUnitReportReporter -->
<testsuite hostname="QT-INBG" failures="0" tests="5" name="mod1.Verification_and_login" time="55.156" errors="0" timestamp="2021-03-26T13:22:46 IST" skipped="0">
  <testcase classname="mod1.Verification_and_login" name="basepagenavigation" time="13.364"/>
  <system-out/>
  <testcase classname="mod1.Verification_and_login" name="basepagenavigation" time="6.319"/>
  <system-out/>
  <testcase classname="mod1.Verification_and_login" name="basepagenavigation" time="10.062"/>
  <system-out/>
  <testcase classname="mod1.Verification_and_login" name="basepagenavigation" time="10.670"/>
  <system-out/>
  <testcase classname="mod1.Verification_and_login" name="basepagenavigation" time="14.741"/>
  <system-out/>
</testsuite> <!-- mod1.Verification_and_login -->
