<?xml version="1.0" encoding="UTF-8"?>
<!-- Generated by org.testng.reporters.JUnitReportReporter -->
<testsuite hostname="QT-INBG" failures="0" tests="1" name="mod5.KudosToMe" time="15.499" errors="0" timestamp="2021-03-23T17:15:57 IST" skipped="0">
  <testcase classname="mod5.KudosToMe" name="kudossearch" time="15.499"/>
  <system-out/>
</testsuite> <!-- mod5.KudosToMe -->
