<?xml version="1.0" encoding="UTF-8"?>
<!-- Generated by org.testng.reporters.JUnitReportReporter -->
<testsuite hostname="QT-INBG" failures="0" tests="1" name="mod5.Confirmation_message" time="17.770" errors="0" timestamp="2021-03-24T08:50:55 IST" skipped="0">
  <testcase classname="mod5.Confirmation_message" name="sendkudos1" time="17.770"/>
  <system-out/>
</testsuite> <!-- mod5.Confirmation_message -->
