<?xml version="1.0" encoding="UTF-8"?>
<!-- Generated by org.testng.reporters.JUnitReportReporter -->
<testsuite hostname="QT-INBG" failures="0" tests="1" name="mod5.Selectdeselectkudo" time="21.112" errors="0" timestamp="2021-03-24T08:54:20 IST" skipped="0">
  <testcase classname="mod5.Selectdeselectkudo" name="sendkudos1" time="21.112"/>
  <system-out/>
</testsuite> <!-- mod5.Selectdeselectkudo -->
