<?xml version="1.0" encoding="UTF-8"?>
<!-- Generated by org.testng.reporters.JUnitReportReporter -->
<testsuite hostname="QT-INBG" failures="0" tests="2" name="Testpackage.Testcase" time="36.515" errors="0" timestamp="2021-03-22T15:01:57 IST" skipped="0">
  <testcase classname="Testpackage.Testcase" name="basepagenavigation" time="18.589"/>
  <system-out/>
  <testcase classname="Testpackage.Testcase" name="basepagenavigation" time="17.926"/>
  <system-out/>
</testsuite> <!-- Testpackage.Testcase -->
