<?xml version="1.0" encoding="UTF-8"?>
<!-- Generated by org.testng.reporters.JUnitReportReporter -->
<testsuite hostname="QT-INBG" failures="0" tests="1" name="Testpackage.QT_color" time="6.080" errors="0" timestamp="2021-03-22T16:36:53 IST" skipped="0">
  <testcase classname="Testpackage.QT_color" name="QT_color" time="6.080"/>
  <system-out/>
</testsuite> <!-- Testpackage.QT_color -->
