<?xml version="1.0" encoding="UTF-8"?>
<!-- Generated by org.testng.reporters.JUnitReportReporter -->
<testsuite hostname="QT-INBG" failures="0" tests="1" name="mod3.SelectSinglekudo" time="21.543" errors="0" timestamp="2021-03-24T09:53:10 IST" skipped="0">
  <testcase classname="mod3.SelectSinglekudo" name="sendkudos1" time="21.543"/>
  <system-out/>
</testsuite> <!-- mod3.SelectSinglekudo -->
