<?xml version="1.0" encoding="UTF-8"?>
<!-- Generated by org.testng.reporters.JUnitReportReporter -->
<testsuite hostname="QT-INBG" failures="0" tests="1" name="CucumberOptions.TestRunner" time="28.533" errors="0" timestamp="2021-03-30T16:46:33 IST" skipped="0">
  <testcase classname="CucumberOptions.TestRunner" name="feature" time="28.533"/>
  <system-out/>
</testsuite> <!-- CucumberOptions.TestRunner -->
